
SQL*Loader: Release 19.0.0.0.0 - Production on Sun Jun 25 23:25:00 2023
Version 19.3.0.0.0

Copyright (c) 1982, 2019, Oracle and/or its affiliates.  All rights reserved.

Control File:   F:\projektbazy\klient.ctl
Data File:      F:\projektbazy\klient.csv
  Bad File:     F:\projektbazy\klient.bad
  Discard File:  none specified
 
 (Allow all discards)

Number to load: ALL
Number to skip: 0
Errors allowed: 50
Bind array:     250 rows, maximum of 1048576 bytes
Continuation:    none specified
Path used:      Conventional

Table KLIENT, loaded from every logical record.
Insert option in effect for this table: APPEND

   Column Name                  Position   Len  Term Encl Datatype
------------------------------ ---------- ----- ---- ---- ---------------------
KLIENT_ID                           FIRST     *   ;       CHARACTER            
IMIE                                 NEXT     *   ;       CHARACTER            
NAZWISKO                             NEXT     *   ;       CHARACTER            
NR_TELEFONU                          NEXT     *   ;       CHARACTER            
NR_BUDYNKU                           NEXT     *   ;       CHARACTER            
NR_MIESZKANIA                        NEXT     *   ;       CHARACTER            
KOD_POCZTOWY                         NEXT     *   ;       CHARACTER            
ULICA_ULICA_ID                       NEXT     *   ;       CHARACTER            


Table KLIENT:
  10000 Rows successfully loaded.
  0 Rows not loaded due to data errors.
  0 Rows not loaded because all WHEN clauses were failed.
  0 Rows not loaded because all fields were null.


Space allocated for bind array:                 516000 bytes(250 rows)
Read   buffer bytes: 1048576

Total logical records skipped:          0
Total logical records read:         10000
Total logical records rejected:         0
Total logical records discarded:        0

Run began on Sun Jun 25 23:25:00 2023
Run ended on Sun Jun 25 23:25:01 2023

Elapsed time was:     00:00:00.40
CPU time was:         00:00:00.21
