
SQL*Loader: Release 19.0.0.0.0 - Production on Tue Jun 20 15:05:39 2023
Version 19.3.0.0.0

Copyright (c) 1982, 2019, Oracle and/or its affiliates.  All rights reserved.

Control File:   F:\projektbazy\relation.ctl
Data File:      F:\projektbazy\relation17.csv
  Bad File:     F:\projektbazy\relation17.bad
  Discard File:  none specified
 
 (Allow all discards)

Number to load: ALL
Number to skip: 0
Errors allowed: 50
Bind array:     250 rows, maximum of 1048576 bytes
Continuation:    none specified
Path used:      Conventional

Table RELATION_17, loaded from every logical record.
Insert option in effect for this table: APPEND

   Column Name                  Position   Len  Term Encl Datatype
------------------------------ ---------- ----- ---- ---- ---------------------
ROWER_ROWER_ID                      FIRST     *   ;       CHARACTER            
KLIENT_KLIENT_ID                     NEXT     *   ;       CHARACTER            


Table RELATION_17:
  10000 Rows successfully loaded.
  0 Rows not loaded due to data errors.
  0 Rows not loaded because all WHEN clauses were failed.
  0 Rows not loaded because all fields were null.


Space allocated for bind array:                 129000 bytes(250 rows)
Read   buffer bytes: 1048576

Total logical records skipped:          0
Total logical records read:         10000
Total logical records rejected:         0
Total logical records discarded:        0

Run began on Tue Jun 20 15:05:39 2023
Run ended on Tue Jun 20 15:05:40 2023

Elapsed time was:     00:00:00.53
CPU time was:         00:00:00.09
