
SQL*Loader: Release 19.0.0.0.0 - Production on Sun Jun 25 23:25:03 2023
Version 19.3.0.0.0

Copyright (c) 1982, 2019, Oracle and/or its affiliates.  All rights reserved.

Control File:   F:\projektbazy\rower.ctl
Data File:      F:\projektbazy\rower.csv
  Bad File:     F:\projektbazy\rower.bad
  Discard File:  none specified
 
 (Allow all discards)

Number to load: ALL
Number to skip: 0
Errors allowed: 50
Bind array:     250 rows, maximum of 1048576 bytes
Continuation:    none specified
Path used:      Conventional

Table ROWER, loaded from every logical record.
Insert option in effect for this table: APPEND

   Column Name                  Position   Len  Term Encl Datatype
------------------------------ ---------- ----- ---- ---- ---------------------
ROWER_ID                            FIRST     *   ;       CHARACTER            
ROK_PRODUKCJI                        NEXT     *   ;       CHARACTER            
NR_SERYJNY                           NEXT     *   ;       CHARACTER            
TYP_TYP_ID                           NEXT     *   ;       CHARACTER            
KOLOR_KOLOR_ID                       NEXT     *   ;       CHARACTER            
ROZMIAR_RAMY_ROZMIAR_RAMY_ID         NEXT     *   ;       CHARACTER            


Table ROWER:
  10000 Rows successfully loaded.
  0 Rows not loaded due to data errors.
  0 Rows not loaded because all WHEN clauses were failed.
  0 Rows not loaded because all fields were null.


Space allocated for bind array:                 387000 bytes(250 rows)
Read   buffer bytes: 1048576

Total logical records skipped:          0
Total logical records read:         10000
Total logical records rejected:         0
Total logical records discarded:        0

Run began on Sun Jun 25 23:25:03 2023
Run ended on Sun Jun 25 23:25:03 2023

Elapsed time was:     00:00:00.33
CPU time was:         00:00:00.14
