
SQL*Loader: Release 19.0.0.0.0 - Production on Sun Jun 25 23:25:06 2023
Version 19.3.0.0.0

Copyright (c) 1982, 2019, Oracle and/or its affiliates.  All rights reserved.

Control File:   F:\projektbazy\wypozyczenia.ctl
Data File:      F:\projektbazy\wypozyczenia.csv
  Bad File:     F:\projektbazy\wypozyczenia.bad
  Discard File:  none specified
 
 (Allow all discards)

Number to load: ALL
Number to skip: 0
Errors allowed: 50
Bind array:     250 rows, maximum of 1048576 bytes
Continuation:    none specified
Path used:      Conventional

Table WYPOZYCZENIA, loaded from every logical record.
Insert option in effect for this table: APPEND

   Column Name                  Position   Len  Term Encl Datatype
------------------------------ ---------- ----- ---- ---- ---------------------
WYPOZYCZENIA_ID                     FIRST     *   ;       CHARACTER            
DATA_WYPOZYCZENIA                    NEXT     *   ;       CHARACTER            
DATA_ZWROTU                          NEXT     *   ;       CHARACTER            
KOSZT_WYPOZYCZENIA                   NEXT     *   ;       CHARACTER            
ROWER_ROWER_ID                       NEXT     *   ;       CHARACTER            
WYPOZYCZALNIA_WYPOZYCZALNIA_ID       NEXT     *   ;       CHARACTER            
KLIENT_KLIENT_ID                     NEXT     *   ;       CHARACTER            
PRACOWNIK_PRACOWNIK_ID               NEXT     *   ;       CHARACTER            


Table WYPOZYCZENIA:
  100000 Rows successfully loaded.
  0 Rows not loaded due to data errors.
  0 Rows not loaded because all WHEN clauses were failed.
  0 Rows not loaded because all fields were null.


Space allocated for bind array:                 516000 bytes(250 rows)
Read   buffer bytes: 1048576

Total logical records skipped:          0
Total logical records read:        100000
Total logical records rejected:         0
Total logical records discarded:        0

Run began on Sun Jun 25 23:25:06 2023
Run ended on Sun Jun 25 23:25:09 2023

Elapsed time was:     00:00:03.07
CPU time was:         00:00:00.48
